<?xml version="1.0" encoding="UTF-8"?>
<coverage generated="1421800891">
  <project timestamp="1421800891">
    <package name="ImportVocab">
      <file name="/var/www/registry/plugins/jpAdminGeneratorPlugin/lib/ImportVocab/ExportVocab.php">
        <class name="ExportVocab" namespace="ImportVocab">
          <metrics methods="26" coveredmethods="26" conditionals="0" coveredconditionals="0" statements="179" coveredstatements="179" elements="205" coveredelements="205"/>
        </class>
        <line num="36" type="method" name="__construct" crap="3" count="14"/>
        <line num="38" type="stmt" count="14"/>
        <line num="39" type="stmt" count="14"/>
        <line num="40" type="stmt" count="14"/>
        <line num="41" type="stmt" count="14"/>
        <line num="42" type="stmt" count="14"/>
        <line num="43" type="stmt" count="14"/>
        <line num="44" type="stmt" count="14"/>
        <line num="45" type="stmt" count="14"/>
        <line num="46" type="stmt" count="14"/>
        <line num="47" type="stmt" count="14"/>
        <line num="48" type="stmt" count="14"/>
        <line num="49" type="stmt" count="14"/>
        <line num="50" type="stmt" count="14"/>
        <line num="51" type="stmt" count="14"/>
        <line num="52" type="stmt" count="14"/>
        <line num="53" type="stmt" count="14"/>
        <line num="58" type="method" name="getSchema" crap="1" count="14"/>
        <line num="60" type="stmt" count="14"/>
        <line num="63" type="method" name="setSchema" crap="1" count="14"/>
        <line num="65" type="stmt" count="14"/>
        <line num="66" type="stmt" count="14"/>
        <line num="71" type="method" name="setPath" crap="1" count="14"/>
        <line num="73" type="stmt" count="14"/>
        <line num="74" type="stmt" count="14"/>
        <line num="79" type="method" name="isTemplate" crap="1" count="3"/>
        <line num="81" type="stmt" count="3"/>
        <line num="87" type="method" name="setAsTemplate" crap="1" count="14"/>
        <line num="89" type="stmt" count="14"/>
        <line num="90" type="stmt" count="14"/>
        <line num="92" type="method" name="findLanguages" crap="1" count="1"/>
        <line num="94" type="stmt" count="1"/>
        <line num="95" type="stmt" count="1"/>
        <line num="97" type="method" name="write" crap="4" count="2"/>
        <line num="98" type="stmt" count="2"/>
        <line num="99" type="stmt" count="1"/>
        <line num="100" type="stmt" count="1"/>
        <line num="101" type="stmt" count="1"/>
        <line num="103" type="stmt" count="1"/>
        <line num="104" type="stmt" count="1"/>
        <line num="106" type="stmt" count="1"/>
        <line num="107" type="stmt" count="1"/>
        <line num="109" type="stmt" count="1"/>
        <line num="110" type="stmt" count="1"/>
        <line num="112" type="stmt" count="1"/>
        <line num="113" type="stmt" count="1"/>
        <line num="115" type="stmt" count="1"/>
        <line num="116" type="stmt" count="1"/>
        <line num="118" type="stmt" count="1"/>
        <line num="119" type="stmt" count="1"/>
        <line num="120" type="stmt" count="1"/>
        <line num="121" type="stmt" count="1"/>
        <line num="123" type="method" name="getFileName" crap="2" count="3"/>
        <line num="125" type="stmt" count="3"/>
        <line num="127" type="stmt" count="3"/>
        <line num="130" type="method" name="getPrologHeader" crap="8" count="5"/>
        <line num="132" type="stmt" count="5"/>
        <line num="133" type="stmt" count="5"/>
        <line num="136" type="stmt" count="5"/>
        <line num="137" type="stmt" count="5"/>
        <line num="139" type="stmt" count="3"/>
        <line num="140" type="stmt" count="3"/>
        <line num="143" type="stmt" count="2"/>
        <line num="146" type="stmt" count="5"/>
        <line num="147" type="stmt" count="5"/>
        <line num="148" type="stmt" count="5"/>
        <line num="149" type="stmt" count="5"/>
        <line num="150" type="stmt" count="5"/>
        <line num="151" type="stmt" count="5"/>
        <line num="152" type="stmt" count="5"/>
        <line num="153" type="stmt" count="5"/>
        <line num="155" type="stmt" count="5"/>
        <line num="158" type="stmt" count="5"/>
        <line num="161" type="stmt" count="5"/>
        <line num="162" type="stmt" count="5"/>
        <line num="164" type="stmt" count="5"/>
        <line num="165" type="stmt" count="5"/>
        <line num="166" type="stmt" count="5"/>
        <line num="168" type="stmt" count="5"/>
        <line num="169" type="stmt" count="5"/>
        <line num="170" type="stmt" count="5"/>
        <line num="172" type="stmt" count="5"/>
        <line num="173" type="stmt" count="5"/>
        <line num="174" type="stmt" count="5"/>
        <line num="175" type="stmt" count="5"/>
        <line num="176" type="stmt" count="5"/>
        <line num="177" type="stmt" count="5"/>
        <line num="178" type="stmt" count="5"/>
        <line num="179" type="stmt" count="5"/>
        <line num="180" type="stmt" count="5"/>
        <line num="183" type="stmt" count="5"/>
        <line num="185" type="stmt" count="5"/>
        <line num="186" type="stmt" count="5"/>
        <line num="187" type="stmt" count="5"/>
        <line num="188" type="stmt" count="5"/>
        <line num="189" type="stmt" count="5"/>
        <line num="190" type="stmt" count="5"/>
        <line num="192" type="stmt" count="5"/>
        <line num="194" type="stmt" count="5"/>
        <line num="200" type="method" name="getLanguages" crap="1" count="7"/>
        <line num="202" type="stmt" count="7"/>
        <line num="208" type="method" name="setLanguages" crap="1" count="14"/>
        <line num="210" type="stmt" count="14"/>
        <line num="211" type="stmt" count="14"/>
        <line num="213" type="method" name="findColumns" crap="1" count="3"/>
        <line num="215" type="stmt" count="3"/>
        <line num="217" type="stmt" count="3"/>
        <line num="223" type="method" name="getColumns" crap="1" count="3"/>
        <line num="225" type="stmt" count="3"/>
        <line num="231" type="method" name="setColumns" crap="1" count="3"/>
        <line num="233" type="stmt" count="3"/>
        <line num="234" type="stmt" count="3"/>
        <line num="236" type="method" name="getMetadata" crap="2" count="4"/>
        <line num="238" type="stmt" count="2"/>
        <line num="239" type="stmt" count="2"/>
        <line num="240" type="stmt" count="2"/>
        <line num="242" type="stmt" count="2"/>
        <line num="243" type="stmt" count="2"/>
        <line num="244" type="stmt" count="2"/>
        <line num="245" type="stmt" count="2"/>
        <line num="246" type="stmt" count="2"/>
        <line num="247" type="stmt" count="2"/>
        <line num="248" type="stmt" count="2"/>
        <line num="249" type="stmt" count="2"/>
        <line num="250" type="stmt" count="2"/>
        <line num="251" type="stmt" count="2"/>
        <line num="252" type="stmt" count="2"/>
        <line num="253" type="stmt" count="4"/>
        <line num="254" type="stmt" count="2"/>
        <line num="255" type="stmt" count="2"/>
        <line num="256" type="stmt" count="2"/>
        <line num="257" type="stmt" count="2"/>
        <line num="258" type="stmt" count="2"/>
        <line num="259" type="stmt" count="2"/>
        <line num="260" type="stmt" count="2"/>
        <line num="261" type="stmt" count="2"/>
        <line num="262" type="stmt" count="2"/>
        <line num="263" type="stmt" count="2"/>
        <line num="265" type="stmt" count="2"/>
        <line num="271" type="method" name="getHeaderCount" crap="2" count="3"/>
        <line num="273" type="stmt" count="3"/>
        <line num="274" type="stmt" count="3"/>
        <line num="275" type="stmt" count="3"/>
        <line num="276" type="stmt" count="3"/>
        <line num="278" type="stmt" count="3"/>
        <line num="284" type="method" name="setHeaderCount" crap="1" count="3"/>
        <line num="286" type="stmt" count="3"/>
        <line num="287" type="stmt" count="3"/>
        <line num="292" type="method" name="getHeader" crap="2" count="3"/>
        <line num="294" type="stmt" count="3"/>
        <line num="295" type="stmt" count="3"/>
        <line num="296" type="stmt" count="3"/>
        <line num="297" type="stmt" count="3"/>
        <line num="299" type="stmt" count="3"/>
        <line num="305" type="method" name="setHeader" crap="2" count="3"/>
        <line num="307" type="stmt" count="3"/>
        <line num="308" type="stmt" count="3"/>
        <line num="309" type="stmt" count="3"/>
        <line num="310" type="stmt" count="3"/>
        <line num="311" type="stmt" count="3"/>
        <line num="312" type="stmt" count="3"/>
        <line num="317" type="method" name="getUser" crap="1" count="3"/>
        <line num="319" type="stmt" count="3"/>
        <line num="322" type="method" name="setUser" crap="1" count="14"/>
        <line num="324" type="stmt" count="14"/>
        <line num="325" type="stmt" count="14"/>
        <line num="330" type="method" name="getPrefixes" crap="3" count="2"/>
        <line num="332" type="stmt" count="2"/>
        <line num="333" type="stmt" count="2"/>
        <line num="334" type="stmt" count="2"/>
        <line num="335" type="stmt" count="2"/>
        <line num="336" type="stmt" count="2"/>
        <line num="337" type="stmt" count="2"/>
        <line num="338" type="stmt" count="2"/>
        <line num="339" type="stmt" count="2"/>
        <line num="341" type="stmt" count="2"/>
        <line num="342" type="stmt" count="2"/>
        <line num="343" type="stmt" count="2"/>
        <line num="344" type="stmt" count="2"/>
        <line num="345" type="stmt" count="2"/>
        <line num="347" type="stmt" count="2"/>
        <line num="348" type="stmt" count="2"/>
        <line num="350" type="stmt" count="2"/>
        <line num="356" type="method" name="setPrefixes" crap="1" count="2"/>
        <line num="358" type="stmt" count="2"/>
        <line num="359" type="stmt" count="2"/>
        <line num="361" type="method" name="retrievePrefixes" crap="5" count="2"/>
        <line num="363" type="stmt" count="2"/>
        <line num="364" type="stmt" count="2"/>
        <line num="366" type="stmt" count="2"/>
        <line num="369" type="stmt" count="2"/>
        <line num="370" type="stmt" count="2"/>
        <line num="371" type="stmt" count="1"/>
        <line num="374" type="stmt" count="2"/>
        <line num="376" type="stmt" count="2"/>
        <line num="378" type="stmt" count="2"/>
        <line num="379" type="stmt" count="2"/>
        <line num="382" type="stmt" count="2"/>
        <line num="384" type="stmt" count="2"/>
        <line num="386" type="stmt" count="2"/>
        <line num="389" type="method" name="output" crap="1" count="1"/>
        <line num="391" type="stmt" count="1"/>
        <line num="393" type="stmt" count="1"/>
        <line num="394" type="stmt" count="1"/>
        <line num="395" type="stmt" count="1"/>
        <metrics loc="396" ncloc="322" classes="1" methods="26" coveredmethods="26" conditionals="0" coveredconditionals="0" statements="179" coveredstatements="179" elements="205" coveredelements="205"/>
      </file>
      <file name="/var/www/registry/plugins/jpAdminGeneratorPlugin/lib/ImportVocab/ImportVocab.php">
        <class name="ImportVocab" namespace="ImportVocab" fullPackage="ImportVocab" package="ImportVocab">
          <metrics methods="17" coveredmethods="0" conditionals="0" coveredconditionals="0" statements="587" coveredstatements="0" elements="604" coveredelements="0"/>
        </class>
        <line num="94" type="method" name="__construct" crap="2" count="0"/>
        <line num="95" type="stmt" count="0"/>
        <line num="96" type="stmt" count="0"/>
        <line num="97" type="stmt" count="0"/>
        <line num="100" type="stmt" count="0"/>
        <line num="101" type="stmt" count="0"/>
        <line num="102" type="stmt" count="0"/>
        <line num="103" type="stmt" count="0"/>
        <line num="106" type="stmt" count="0"/>
        <line num="107" type="stmt" count="0"/>
        <line num="108" type="stmt" count="0"/>
        <line num="110" type="stmt" count="0"/>
        <line num="111" type="stmt" count="0"/>
        <line num="112" type="stmt" count="0"/>
        <line num="114" type="stmt" count="0"/>
        <line num="117" type="stmt" count="0"/>
        <line num="118" type="stmt" count="0"/>
        <line num="119" type="stmt" count="0"/>
        <line num="122" type="stmt" count="0"/>
        <line num="123" type="stmt" count="0"/>
        <line num="124" type="stmt" count="0"/>
        <line num="125" type="stmt" count="0"/>
        <line num="126" type="stmt" count="0"/>
        <line num="127" type="stmt" count="0"/>
        <line num="128" type="stmt" count="0"/>
        <line num="129" type="stmt" count="0"/>
        <line num="130" type="stmt" count="0"/>
        <line num="131" type="stmt" count="0"/>
        <line num="132" type="stmt" count="0"/>
        <line num="133" type="stmt" count="0"/>
        <line num="134" type="stmt" count="0"/>
        <line num="135" type="stmt" count="0"/>
        <line num="136" type="stmt" count="0"/>
        <line num="137" type="stmt" count="0"/>
        <line num="138" type="stmt" count="0"/>
        <line num="139" type="stmt" count="0"/>
        <line num="140" type="stmt" count="0"/>
        <line num="141" type="stmt" count="0"/>
        <line num="142" type="stmt" count="0"/>
        <line num="143" type="stmt" count="0"/>
        <line num="144" type="stmt" count="0"/>
        <line num="145" type="stmt" count="0"/>
        <line num="147" type="method" name="setVocabularyParams" crap="30" count="0"/>
        <line num="149" type="stmt" count="0"/>
        <line num="150" type="stmt" count="0"/>
        <line num="152" type="stmt" count="0"/>
        <line num="153" type="stmt" count="0"/>
        <line num="155" type="stmt" count="0"/>
        <line num="156" type="stmt" count="0"/>
        <line num="157" type="stmt" count="0"/>
        <line num="160" type="stmt" count="0"/>
        <line num="161" type="stmt" count="0"/>
        <line num="162" type="stmt" count="0"/>
        <line num="163" type="stmt" count="0"/>
        <line num="164" type="stmt" count="0"/>
        <line num="165" type="stmt" count="0"/>
        <line num="168" type="stmt" count="0"/>
        <line num="169" type="stmt" count="0"/>
        <line num="170" type="stmt" count="0"/>
        <line num="173" type="stmt" count="0"/>
        <line num="174" type="stmt" count="0"/>
        <line num="175" type="stmt" count="0"/>
        <line num="176" type="stmt" count="0"/>
        <line num="178" type="method" name="setUserId" crap="12" count="0"/>
        <line num="179" type="stmt" count="0"/>
        <line num="180" type="stmt" count="0"/>
        <line num="181" type="stmt" count="0"/>
        <line num="182" type="stmt" count="0"/>
        <line num="183" type="stmt" count="0"/>
        <line num="184" type="stmt" count="0"/>
        <line num="185" type="stmt" count="0"/>
        <line num="186" type="stmt" count="0"/>
        <line num="187" type="stmt" count="0"/>
        <line num="189" type="stmt" count="0"/>
        <line num="190" type="stmt" count="0"/>
        <line num="193" type="stmt" count="0"/>
        <line num="194" type="stmt" count="0"/>
        <line num="195" type="stmt" count="0"/>
        <line num="196" type="stmt" count="0"/>
        <line num="198" type="method" name="setCsvReader" crap="6" count="0"/>
        <line num="199" type="stmt" count="0"/>
        <line num="200" type="stmt" count="0"/>
        <line num="201" type="stmt" count="0"/>
        <line num="202" type="stmt" count="0"/>
        <line num="203" type="stmt" count="0"/>
        <line num="204" type="stmt" count="0"/>
        <line num="205" type="stmt" count="0"/>
        <line num="206" type="stmt" count="0"/>
        <line num="207" type="stmt" count="0"/>
        <line num="208" type="stmt" count="0"/>
        <line num="209" type="stmt" count="0"/>
        <line num="211" type="method" name="processProlog" crap="110" count="0"/>
        <line num="212" type="stmt" count="0"/>
        <line num="213" type="stmt" count="0"/>
        <line num="216" type="stmt" count="0"/>
        <line num="217" type="stmt" count="0"/>
        <line num="218" type="stmt" count="0"/>
        <line num="220" type="stmt" count="0"/>
        <line num="221" type="stmt" count="0"/>
        <line num="223" type="stmt" count="0"/>
        <line num="225" type="stmt" count="0"/>
        <line num="226" type="stmt" count="0"/>
        <line num="227" type="stmt" count="0"/>
        <line num="228" type="stmt" count="0"/>
        <line num="230" type="stmt" count="0"/>
        <line num="231" type="stmt" count="0"/>
        <line num="232" type="stmt" count="0"/>
        <line num="233" type="stmt" count="0"/>
        <line num="244" type="stmt" count="0"/>
        <line num="245" type="stmt" count="0"/>
        <line num="246" type="stmt" count="0"/>
        <line num="247" type="stmt" count="0"/>
        <line num="248" type="stmt" count="0"/>
        <line num="250" type="stmt" count="0"/>
        <line num="251" type="stmt" count="0"/>
        <line num="252" type="stmt" count="0"/>
        <line num="253" type="stmt" count="0"/>
        <line num="254" type="stmt" count="0"/>
        <line num="255" type="stmt" count="0"/>
        <line num="256" type="stmt" count="0"/>
        <line num="257" type="stmt" count="0"/>
        <line num="258" type="stmt" count="0"/>
        <line num="259" type="stmt" count="0"/>
        <line num="260" type="stmt" count="0"/>
        <line num="261" type="stmt" count="0"/>
        <line num="262" type="stmt" count="0"/>
        <line num="263" type="stmt" count="0"/>
        <line num="264" type="stmt" count="0"/>
        <line num="265" type="stmt" count="0"/>
        <line num="270" type="stmt" count="0"/>
        <line num="271" type="stmt" count="0"/>
        <line num="272" type="stmt" count="0"/>
        <line num="274" type="stmt" count="0"/>
        <line num="276" type="stmt" count="0"/>
        <line num="277" type="stmt" count="0"/>
        <line num="278" type="stmt" count="0"/>
        <line num="282" type="stmt" count="0"/>
        <line num="284" type="method" name="getDataColumnIds" crap="30" count="0"/>
        <line num="286" type="stmt" count="0"/>
        <line num="287" type="stmt" count="0"/>
        <line num="288" type="stmt" count="0"/>
        <line num="291" type="stmt" count="0"/>
        <line num="292" type="stmt" count="0"/>
        <line num="293" type="stmt" count="0"/>
        <line num="295" type="stmt" count="0"/>
        <line num="296" type="stmt" count="0"/>
        <line num="297" type="stmt" count="0"/>
        <line num="298" type="stmt" count="0"/>
        <line num="299" type="stmt" count="0"/>
        <line num="300" type="stmt" count="0"/>
        <line num="301" type="stmt" count="0"/>
        <line num="302" type="stmt" count="0"/>
        <line num="303" type="stmt" count="0"/>
        <line num="304" type="stmt" count="0"/>
        <line num="305" type="stmt" count="0"/>
        <line num="306" type="stmt" count="0"/>
        <line num="307" type="stmt" count="0"/>
        <line num="308" type="stmt" count="0"/>
        <line num="310" type="method" name="getStatusId" crap="12" count="0"/>
        <line num="311" type="stmt" count="0"/>
        <line num="312" type="stmt" count="0"/>
        <line num="313" type="stmt" count="0"/>
        <line num="315" type="stmt" count="0"/>
        <line num="316" type="stmt" count="0"/>
        <line num="317" type="stmt" count="0"/>
        <line num="318" type="stmt" count="0"/>
        <line num="319" type="stmt" count="0"/>
        <line num="320" type="stmt" count="0"/>
        <line num="321" type="stmt" count="0"/>
        <line num="322" type="stmt" count="0"/>
        <line num="323" type="stmt" count="0"/>
        <line num="324" type="stmt" count="0"/>
        <line num="326" type="method" name="processParents" crap="156" count="0"/>
        <line num="328" type="stmt" count="0"/>
        <line num="329" type="stmt" count="0"/>
        <line num="330" type="stmt" count="0"/>
        <line num="331" type="stmt" count="0"/>
        <line num="332" type="stmt" count="0"/>
        <line num="334" type="stmt" count="0"/>
        <line num="335" type="stmt" count="0"/>
        <line num="338" type="stmt" count="0"/>
        <line num="339" type="stmt" count="0"/>
        <line num="340" type="stmt" count="0"/>
        <line num="342" type="stmt" count="0"/>
        <line num="344" type="stmt" count="0"/>
        <line num="345" type="stmt" count="0"/>
        <line num="346" type="stmt" count="0"/>
        <line num="347" type="stmt" count="0"/>
        <line num="348" type="stmt" count="0"/>
        <line num="349" type="stmt" count="0"/>
        <line num="351" type="stmt" count="0"/>
        <line num="352" type="stmt" count="0"/>
        <line num="353" type="stmt" count="0"/>
        <line num="354" type="stmt" count="0"/>
        <line num="355" type="stmt" count="0"/>
        <line num="356" type="stmt" count="0"/>
        <line num="357" type="stmt" count="0"/>
        <line num="360" type="stmt" count="0"/>
        <line num="361" type="stmt" count="0"/>
        <line num="362" type="stmt" count="0"/>
        <line num="364" type="stmt" count="0"/>
        <line num="365" type="stmt" count="0"/>
        <line num="366" type="stmt" count="0"/>
        <line num="367" type="stmt" count="0"/>
        <line num="368" type="stmt" count="0"/>
        <line num="371" type="stmt" count="0"/>
        <line num="373" type="stmt" count="0"/>
        <line num="374" type="stmt" count="0"/>
        <line num="376" type="stmt" count="0"/>
        <line num="377" type="stmt" count="0"/>
        <line num="380" type="stmt" count="0"/>
        <line num="382" type="stmt" count="0"/>
        <line num="383" type="stmt" count="0"/>
        <line num="384" type="stmt" count="0"/>
        <line num="385" type="stmt" count="0"/>
        <line num="386" type="stmt" count="0"/>
        <line num="387" type="stmt" count="0"/>
        <line num="388" type="stmt" count="0"/>
        <line num="389" type="stmt" count="0"/>
        <line num="390" type="stmt" count="0"/>
        <line num="391" type="stmt" count="0"/>
        <line num="392" type="stmt" count="0"/>
        <line num="393" type="stmt" count="0"/>
        <line num="394" type="stmt" count="0"/>
        <line num="395" type="stmt" count="0"/>
        <line num="396" type="stmt" count="0"/>
        <line num="397" type="stmt" count="0"/>
        <line num="401" type="stmt" count="0"/>
        <line num="403" type="method" name="processData" crap="1640" count="0"/>
        <line num="404" type="stmt" count="0"/>
        <line num="405" type="stmt" count="0"/>
        <line num="406" type="stmt" count="0"/>
        <line num="408" type="stmt" count="0"/>
        <line num="410" type="stmt" count="0"/>
        <line num="411" type="stmt" count="0"/>
        <line num="412" type="stmt" count="0"/>
        <line num="413" type="stmt" count="0"/>
        <line num="414" type="stmt" count="0"/>
        <line num="416" type="stmt" count="0"/>
        <line num="417" type="stmt" count="0"/>
        <line num="419" type="stmt" count="0"/>
        <line num="420" type="stmt" count="0"/>
        <line num="421" type="method" name="anonymous function" crap="1640" count="0"/>
        <line num="439" type="stmt" count="0"/>
        <line num="441" type="stmt" count="0"/>
        <line num="444" type="stmt" count="0"/>
        <line num="448" type="stmt" count="0"/>
        <line num="449" type="stmt" count="0"/>
        <line num="450" type="stmt" count="0"/>
        <line num="452" type="stmt" count="0"/>
        <line num="453" type="stmt" count="0"/>
        <line num="454" type="stmt" count="0"/>
        <line num="455" type="stmt" count="0"/>
        <line num="456" type="stmt" count="0"/>
        <line num="457" type="stmt" count="0"/>
        <line num="458" type="stmt" count="0"/>
        <line num="459" type="stmt" count="0"/>
        <line num="460" type="stmt" count="0"/>
        <line num="462" type="stmt" count="0"/>
        <line num="464" type="stmt" count="0"/>
        <line num="465" type="stmt" count="0"/>
        <line num="466" type="stmt" count="0"/>
        <line num="467" type="stmt" count="0"/>
        <line num="468" type="stmt" count="0"/>
        <line num="469" type="stmt" count="0"/>
        <line num="471" type="stmt" count="0"/>
        <line num="472" type="stmt" count="0"/>
        <line num="473" type="stmt" count="0"/>
        <line num="475" type="stmt" count="0"/>
        <line num="477" type="stmt" count="0"/>
        <line num="479" type="stmt" count="0"/>
        <line num="480" type="stmt" count="0"/>
        <line num="481" type="stmt" count="0"/>
        <line num="482" type="stmt" count="0"/>
        <line num="483" type="stmt" count="0"/>
        <line num="484" type="stmt" count="0"/>
        <line num="486" type="stmt" count="0"/>
        <line num="487" type="stmt" count="0"/>
        <line num="488" type="stmt" count="0"/>
        <line num="491" type="stmt" count="0"/>
        <line num="492" type="stmt" count="0"/>
        <line num="495" type="stmt" count="0"/>
        <line num="496" type="stmt" count="0"/>
        <line num="499" type="stmt" count="0"/>
        <line num="500" type="stmt" count="0"/>
        <line num="501" type="stmt" count="0"/>
        <line num="502" type="stmt" count="0"/>
        <line num="503" type="stmt" count="0"/>
        <line num="504" type="stmt" count="0"/>
        <line num="505" type="stmt" count="0"/>
        <line num="506" type="stmt" count="0"/>
        <line num="508" type="stmt" count="0"/>
        <line num="509" type="stmt" count="0"/>
        <line num="510" type="stmt" count="0"/>
        <line num="511" type="stmt" count="0"/>
        <line num="513" type="stmt" count="0"/>
        <line num="514" type="stmt" count="0"/>
        <line num="515" type="stmt" count="0"/>
        <line num="516" type="stmt" count="0"/>
        <line num="518" type="stmt" count="0"/>
        <line num="519" type="stmt" count="0"/>
        <line num="520" type="stmt" count="0"/>
        <line num="522" type="stmt" count="0"/>
        <line num="523" type="stmt" count="0"/>
        <line num="524" type="stmt" count="0"/>
        <line num="525" type="stmt" count="0"/>
        <line num="526" type="stmt" count="0"/>
        <line num="527" type="stmt" count="0"/>
        <line num="528" type="stmt" count="0"/>
        <line num="530" type="stmt" count="0"/>
        <line num="531" type="stmt" count="0"/>
        <line num="532" type="stmt" count="0"/>
        <line num="533" type="stmt" count="0"/>
        <line num="535" type="stmt" count="0"/>
        <line num="536" type="stmt" count="0"/>
        <line num="537" type="stmt" count="0"/>
        <line num="539" type="stmt" count="0"/>
        <line num="540" type="stmt" count="0"/>
        <line num="541" type="stmt" count="0"/>
        <line num="544" type="stmt" count="0"/>
        <line num="545" type="stmt" count="0"/>
        <line num="546" type="stmt" count="0"/>
        <line num="552" type="stmt" count="0"/>
        <line num="553" type="stmt" count="0"/>
        <line num="554" type="stmt" count="0"/>
        <line num="555" type="stmt" count="0"/>
        <line num="557" type="stmt" count="0"/>
        <line num="558" type="stmt" count="0"/>
        <line num="561" type="stmt" count="0"/>
        <line num="562" type="stmt" count="0"/>
        <line num="563" type="stmt" count="0"/>
        <line num="564" type="stmt" count="0"/>
        <line num="565" type="stmt" count="0"/>
        <line num="566" type="stmt" count="0"/>
        <line num="567" type="stmt" count="0"/>
        <line num="571" type="stmt" count="0"/>
        <line num="572" type="stmt" count="0"/>
        <line num="573" type="stmt" count="0"/>
        <line num="574" type="stmt" count="0"/>
        <line num="575" type="stmt" count="0"/>
        <line num="576" type="stmt" count="0"/>
        <line num="577" type="stmt" count="0"/>
        <line num="578" type="stmt" count="0"/>
        <line num="579" type="stmt" count="0"/>
        <line num="580" type="stmt" count="0"/>
        <line num="582" type="stmt" count="0"/>
        <line num="583" type="stmt" count="0"/>
        <line num="584" type="stmt" count="0"/>
        <line num="585" type="stmt" count="0"/>
        <line num="586" type="stmt" count="0"/>
        <line num="587" type="stmt" count="0"/>
        <line num="588" type="stmt" count="0"/>
        <line num="589" type="stmt" count="0"/>
        <line num="590" type="stmt" count="0"/>
        <line num="591" type="stmt" count="0"/>
        <line num="592" type="stmt" count="0"/>
        <line num="593" type="stmt" count="0"/>
        <line num="594" type="stmt" count="0"/>
        <line num="595" type="stmt" count="0"/>
        <line num="596" type="stmt" count="0"/>
        <line num="598" type="stmt" count="0"/>
        <line num="599" type="stmt" count="0"/>
        <line num="600" type="stmt" count="0"/>
        <line num="601" type="stmt" count="0"/>
        <line num="602" type="stmt" count="0"/>
        <line num="603" type="stmt" count="0"/>
        <line num="604" type="stmt" count="0"/>
        <line num="605" type="stmt" count="0"/>
        <line num="606" type="stmt" count="0"/>
        <line num="607" type="stmt" count="0"/>
        <line num="608" type="stmt" count="0"/>
        <line num="609" type="stmt" count="0"/>
        <line num="611" type="stmt" count="0"/>
        <line num="612" type="stmt" count="0"/>
        <line num="613" type="stmt" count="0"/>
        <line num="614" type="stmt" count="0"/>
        <line num="615" type="stmt" count="0"/>
        <line num="616" type="stmt" count="0"/>
        <line num="617" type="stmt" count="0"/>
        <line num="619" type="stmt" count="0"/>
        <line num="620" type="stmt" count="0"/>
        <line num="621" type="stmt" count="0"/>
        <line num="622" type="stmt" count="0"/>
        <line num="623" type="stmt" count="0"/>
        <line num="624" type="stmt" count="0"/>
        <line num="625" type="stmt" count="0"/>
        <line num="626" type="stmt" count="0"/>
        <line num="627" type="stmt" count="0"/>
        <line num="628" type="stmt" count="0"/>
        <line num="629" type="stmt" count="0"/>
        <line num="630" type="stmt" count="0"/>
        <line num="631" type="stmt" count="0"/>
        <line num="632" type="stmt" count="0"/>
        <line num="633" type="stmt" count="0"/>
        <line num="634" type="stmt" count="0"/>
        <line num="635" type="stmt" count="0"/>
        <line num="637" type="stmt" count="0"/>
        <line num="638" type="stmt" count="0"/>
        <line num="639" type="stmt" count="0"/>
        <line num="640" type="stmt" count="0"/>
        <line num="641" type="stmt" count="0"/>
        <line num="643" type="stmt" count="0"/>
        <line num="644" type="stmt" count="0"/>
        <line num="645" type="stmt" count="0"/>
        <line num="646" type="stmt" count="0"/>
        <line num="648" type="stmt" count="0"/>
        <line num="649" type="stmt" count="0"/>
        <line num="650" type="stmt" count="0"/>
        <line num="652" type="stmt" count="0"/>
        <line num="653" type="stmt" count="0"/>
        <line num="654" type="stmt" count="0"/>
        <line num="660" type="stmt" count="0"/>
        <line num="661" type="stmt" count="0"/>
        <line num="662" type="stmt" count="0"/>
        <line num="671" type="stmt" count="0"/>
        <line num="674" type="stmt" count="0"/>
        <line num="678" type="stmt" count="0"/>
        <line num="687" type="method" name="getColLangType" crap="20" count="0"/>
        <line num="690" type="stmt" count="0"/>
        <line num="691" type="stmt" count="0"/>
        <line num="692" type="stmt" count="0"/>
        <line num="693" type="stmt" count="0"/>
        <line num="694" type="stmt" count="0"/>
        <line num="695" type="stmt" count="0"/>
        <line num="696" type="stmt" count="0"/>
        <line num="697" type="stmt" count="0"/>
        <line num="698" type="stmt" count="0"/>
        <line num="699" type="stmt" count="0"/>
        <line num="700" type="stmt" count="0"/>
        <line num="701" type="stmt" count="0"/>
        <line num="702" type="stmt" count="0"/>
        <line num="704" type="method" name="getFqn" crap="12" count="0"/>
        <line num="705" type="stmt" count="0"/>
        <line num="706" type="stmt" count="0"/>
        <line num="707" type="stmt" count="0"/>
        <line num="709" type="stmt" count="0"/>
        <line num="710" type="stmt" count="0"/>
        <line num="711" type="stmt" count="0"/>
        <line num="712" type="stmt" count="0"/>
        <line num="714" type="stmt" count="0"/>
        <line num="715" type="stmt" count="0"/>
        <line num="717" type="method" name="saveResults" crap="12" count="0"/>
        <line num="718" type="stmt" count="0"/>
        <line num="719" type="stmt" count="0"/>
        <line num="720" type="stmt" count="0"/>
        <line num="721" type="stmt" count="0"/>
        <line num="723" type="stmt" count="0"/>
        <line num="724" type="stmt" count="0"/>
        <line num="726" type="stmt" count="0"/>
        <line num="727" type="stmt" count="0"/>
        <line num="728" type="stmt" count="0"/>
        <line num="729" type="stmt" count="0"/>
        <line num="730" type="stmt" count="0"/>
        <line num="731" type="stmt" count="0"/>
        <line num="732" type="stmt" count="0"/>
        <line num="733" type="stmt" count="0"/>
        <line num="734" type="stmt" count="0"/>
        <line num="735" type="stmt" count="0"/>
        <line num="736" type="stmt" count="0"/>
        <line num="738" type="stmt" count="0"/>
        <line num="739" type="stmt" count="0"/>
        <line num="740" type="stmt" count="0"/>
        <line num="741" type="stmt" count="0"/>
        <line num="742" type="stmt" count="0"/>
        <line num="743" type="stmt" count="0"/>
        <line num="744" type="stmt" count="0"/>
        <line num="745" type="stmt" count="0"/>
        <line num="748" type="stmt" count="0"/>
        <line num="750" type="stmt" count="0"/>
        <line num="751" type="stmt" count="0"/>
        <line num="758" type="method" name="setColumnId" crap="12" count="0"/>
        <line num="759" type="stmt" count="0"/>
        <line num="760" type="stmt" count="0"/>
        <line num="761" type="stmt" count="0"/>
        <line num="762" type="stmt" count="0"/>
        <line num="763" type="stmt" count="0"/>
        <line num="764" type="stmt" count="0"/>
        <line num="765" type="stmt" count="0"/>
        <line num="766" type="stmt" count="0"/>
        <line num="773" type="method" name="setColumnIri" crap="12" count="0"/>
        <line num="774" type="stmt" count="0"/>
        <line num="775" type="stmt" count="0"/>
        <line num="776" type="stmt" count="0"/>
        <line num="777" type="stmt" count="0"/>
        <line num="778" type="stmt" count="0"/>
        <line num="779" type="stmt" count="0"/>
        <line num="780" type="stmt" count="0"/>
        <line num="781" type="stmt" count="0"/>
        <line num="782" type="stmt" count="0"/>
        <line num="783" type="stmt" count="0"/>
        <line num="784" type="stmt" count="0"/>
        <line num="785" type="stmt" count="0"/>
        <line num="786" type="stmt" count="0"/>
        <line num="787" type="stmt" count="0"/>
        <line num="788" type="stmt" count="0"/>
        <line num="789" type="stmt" count="0"/>
        <line num="799" type="method" name="setPropertyValue" crap="110" count="0"/>
        <line num="800" type="stmt" count="0"/>
        <line num="801" type="stmt" count="0"/>
        <line num="802" type="stmt" count="0"/>
        <line num="804" type="stmt" count="0"/>
        <line num="805" type="stmt" count="0"/>
        <line num="806" type="stmt" count="0"/>
        <line num="807" type="stmt" count="0"/>
        <line num="808" type="stmt" count="0"/>
        <line num="810" type="stmt" count="0"/>
        <line num="811" type="stmt" count="0"/>
        <line num="812" type="stmt" count="0"/>
        <line num="813" type="stmt" count="0"/>
        <line num="814" type="stmt" count="0"/>
        <line num="815" type="stmt" count="0"/>
        <line num="816" type="stmt" count="0"/>
        <line num="817" type="stmt" count="0"/>
        <line num="818" type="stmt" count="0"/>
        <line num="819" type="stmt" count="0"/>
        <line num="820" type="stmt" count="0"/>
        <line num="821" type="stmt" count="0"/>
        <line num="822" type="stmt" count="0"/>
        <line num="823" type="stmt" count="0"/>
        <line num="824" type="stmt" count="0"/>
        <line num="825" type="stmt" count="0"/>
        <line num="826" type="stmt" count="0"/>
        <line num="828" type="stmt" count="0"/>
        <line num="829" type="stmt" count="0"/>
        <line num="842" type="method" name="SetPropertyElement" crap="552" count="0"/>
        <line num="843" type="stmt" count="0"/>
        <line num="844" type="stmt" count="0"/>
        <line num="845" type="stmt" count="0"/>
        <line num="846" type="stmt" count="0"/>
        <line num="847" type="stmt" count="0"/>
        <line num="848" type="stmt" count="0"/>
        <line num="866" type="stmt" count="0"/>
        <line num="867" type="stmt" count="0"/>
        <line num="868" type="stmt" count="0"/>
        <line num="870" type="stmt" count="0"/>
        <line num="873" type="stmt" count="0"/>
        <line num="874" type="stmt" count="0"/>
        <line num="875" type="stmt" count="0"/>
        <line num="876" type="stmt" count="0"/>
        <line num="877" type="stmt" count="0"/>
        <line num="878" type="stmt" count="0"/>
        <line num="880" type="stmt" count="0"/>
        <line num="881" type="stmt" count="0"/>
        <line num="882" type="stmt" count="0"/>
        <line num="884" type="stmt" count="0"/>
        <line num="885" type="stmt" count="0"/>
        <line num="886" type="stmt" count="0"/>
        <line num="887" type="stmt" count="0"/>
        <line num="888" type="stmt" count="0"/>
        <line num="889" type="stmt" count="0"/>
        <line num="891" type="stmt" count="0"/>
        <line num="892" type="stmt" count="0"/>
        <line num="893" type="stmt" count="0"/>
        <line num="894" type="stmt" count="0"/>
        <line num="896" type="stmt" count="0"/>
        <line num="897" type="stmt" count="0"/>
        <line num="898" type="stmt" count="0"/>
        <line num="902" type="stmt" count="0"/>
        <line num="903" type="stmt" count="0"/>
        <line num="904" type="stmt" count="0"/>
        <line num="905" type="stmt" count="0"/>
        <line num="906" type="stmt" count="0"/>
        <line num="907" type="stmt" count="0"/>
        <line num="908" type="stmt" count="0"/>
        <line num="909" type="stmt" count="0"/>
        <line num="911" type="stmt" count="0"/>
        <line num="912" type="stmt" count="0"/>
        <line num="913" type="stmt" count="0"/>
        <line num="914" type="stmt" count="0"/>
        <line num="916" type="stmt" count="0"/>
        <line num="917" type="stmt" count="0"/>
        <line num="918" type="stmt" count="0"/>
        <line num="923" type="stmt" count="0"/>
        <line num="924" type="stmt" count="0"/>
        <line num="925" type="stmt" count="0"/>
        <line num="926" type="stmt" count="0"/>
        <line num="927" type="stmt" count="0"/>
        <line num="928" type="stmt" count="0"/>
        <line num="929" type="stmt" count="0"/>
        <line num="930" type="stmt" count="0"/>
        <line num="931" type="stmt" count="0"/>
        <line num="932" type="stmt" count="0"/>
        <line num="933" type="stmt" count="0"/>
        <line num="934" type="stmt" count="0"/>
        <line num="935" type="stmt" count="0"/>
        <line num="937" type="stmt" count="0"/>
        <line num="938" type="stmt" count="0"/>
        <line num="939" type="stmt" count="0"/>
        <line num="940" type="stmt" count="0"/>
        <line num="942" type="stmt" count="0"/>
        <line num="944" type="stmt" count="0"/>
        <line num="945" type="stmt" count="0"/>
        <line num="946" type="stmt" count="0"/>
        <line num="948" type="stmt" count="0"/>
        <line num="949" type="stmt" count="0"/>
        <line num="950" type="stmt" count="0"/>
        <line num="951" type="stmt" count="0"/>
        <line num="952" type="stmt" count="0"/>
        <line num="954" type="stmt" count="0"/>
        <line num="955" type="stmt" count="0"/>
        <line num="956" type="stmt" count="0"/>
        <line num="957" type="stmt" count="0"/>
        <line num="958" type="stmt" count="0"/>
        <line num="959" type="stmt" count="0"/>
        <line num="960" type="stmt" count="0"/>
        <line num="961" type="stmt" count="0"/>
        <line num="963" type="stmt" count="0"/>
        <line num="964" type="stmt" count="0"/>
        <line num="965" type="stmt" count="0"/>
        <metrics loc="967" ncloc="615" classes="1" methods="17" coveredmethods="0" conditionals="0" coveredconditionals="0" statements="592" coveredstatements="0" elements="609" coveredelements="0"/>
      </file>
    </package>
    <metrics files="2" loc="1363" ncloc="937" classes="2" methods="43" coveredmethods="26" conditionals="0" coveredconditionals="0" statements="771" coveredstatements="179" elements="814" coveredelements="205"/>
  </project>
</coverage>
